<?xml version="1.0" encoding="UTF-8"?>
<!-- Generated by org.testng.reporters.JUnitReportReporter -->
<testsuite hostname="LAPTOP-M2DVE1SL" failures="0" tests="3" name="Axis.TestNG.EnableFalse" time="0.010" errors="0" timestamp="2024-02-26T16:45:34 IST" skipped="1">
  <testcase classname="Axis.TestNG.EnableFalse" name="testcase2" time="0.001"/>
  <system-out/>
  <testcase classname="Axis.TestNG.EnableFalse" name="testcase1" time="0.009"/>
  <system-out/>
  <testcase classname="Axis.TestNG.EnableFalse" name="testcase3">
    <skipped/>
  </testcase> <!-- testcase3 -->
  <system-out/>
</testsuite> <!-- Axis.TestNG.EnableFalse -->
