<?xml version="1.0" encoding="UTF-8"?>
<!-- Generated by org.testng.reporters.JUnitReportReporter -->
<testsuite hostname="LAPTOP-M2DVE1SL" failures="0" tests="3" name="Axis.TestNG.Grouping" time="0.003" errors="0" timestamp="2024-02-26T15:25:54 IST" skipped="0">
  <testcase classname="Axis.TestNG.Grouping" name="Login" time="0.001"/>
  <system-out/>
  <testcase classname="Axis.TestNG.Grouping" name="Products" time="0.001"/>
  <system-out/>
  <testcase classname="Axis.TestNG.Grouping" name="AddToCart" time="0.001"/>
  <system-out/>
</testsuite> <!-- Axis.TestNG.Grouping -->
