<?xml version="1.0" encoding="UTF-8"?>
<!-- Generated by org.testng.reporters.JUnitReportReporter -->
<testsuite hostname="LAPTOP-M2DVE1SL" failures="0" tests="1" name="Axis.TestNG.NewTest" time="0.001" errors="0" timestamp="2024-02-26T15:25:54 IST" skipped="0">
  <testcase classname="Axis.TestNG.NewTest" name="testcase1" time="0.001"/>
  <system-out/>
</testsuite> <!-- Axis.TestNG.NewTest -->
