<?xml version="1.0" encoding="UTF-8"?>
<!-- Generated by org.testng.reporters.JUnitReportReporter -->
<testsuite hostname="LAPTOP-M2DVE1SL" failures="0" tests="4" name="Axis.TestNG.Annotations" time="0.015" errors="0" timestamp="2024-02-27T10:57:08 IST" skipped="0">
  <testcase classname="Axis.TestNG.Annotations" name="testCase2" time="0.003"/>
  <system-out/>
  <testcase classname="Axis.TestNG.Annotations" name="testCase1" time="0.007"/>
  <system-out/>
  <testcase classname="Axis.TestNG.Annotations" name="testCase3" time="0.003"/>
  <system-out/>
  <testcase classname="Axis.TestNG.Annotations" name="testCase4" time="0.002"/>
  <system-out/>
</testsuite> <!-- Axis.TestNG.Annotations -->
