<?xml version="1.0" encoding="UTF-8"?>
<!-- Generated by org.testng.reporters.JUnitReportReporter -->
<testsuite hostname="LAPTOP-M2DVE1SL" failures="0" tests="1" name="Axis.TestNG.ParalleTesting" time="6.739" errors="0" timestamp="2024-02-26T15:37:41 IST" skipped="0">
  <testcase classname="Axis.TestNG.ParalleTesting" name="parameterizedtest" time="6.739"/>
  <system-out/>
</testsuite> <!-- Axis.TestNG.ParalleTesting -->
