<?xml version="1.0" encoding="UTF-8"?>
<!-- Generated by org.testng.reporters.JUnitReportReporter -->
<testsuite hostname="LAPTOP-M2DVE1SL" failures="0" tests="3" name="Axis.TestNG.DependsOnMethos" time="0.007" errors="0" timestamp="2024-02-26T15:25:54 IST" skipped="0">
  <testcase classname="Axis.TestNG.DependsOnMethos" name="testcase3" time="0.002"/>
  <system-out/>
  <testcase classname="Axis.TestNG.DependsOnMethos" name="testcase2" time="0.003"/>
  <system-out/>
  <testcase classname="Axis.TestNG.DependsOnMethos" name="testcase1" time="0.002"/>
  <system-out/>
</testsuite> <!-- Axis.TestNG.DependsOnMethos -->
