<?xml version="1.0" encoding="UTF-8"?>
<!-- Generated by org.testng.reporters.JUnitReportReporter -->
<testsuite hostname="LAPTOP-M2DVE1SL" failures="0" tests="1" name="Axis.TestNG.InvokeEdge" time="21.687" errors="0" timestamp="2024-02-27T11:32:43 IST" skipped="0">
  <testcase classname="Axis.TestNG.InvokeEdge" name="test" time="21.687"/>
  <system-out/>
</testsuite> <!-- Axis.TestNG.InvokeEdge -->
