<?xml version="1.0" encoding="UTF-8"?>
<!-- Generated by org.testng.reporters.JUnitReportReporter -->
<testsuite hostname="LAPTOP-M2DVE1SL" failures="0" tests="1" name="Axis.TestNG.SoftAssertEg" time="7.670" errors="0" timestamp="2024-02-26T16:32:43 IST" skipped="0">
  <testcase classname="Axis.TestNG.SoftAssertEg" name="testsoftassert" time="7.670"/>
  <system-out/>
</testsuite> <!-- Axis.TestNG.SoftAssertEg -->
